
> magicmirror@2.16.0 start /home/pi/MagicMirror
> ./run-start.sh $1

grep: config/config.js: No such file or directory
internal/modules/cjs/loader.js:892
  throw err;
  ^

Error: Cannot find module 'module-alias/register'
Require stack:
- /home/pi/MagicMirror/js/app.js
- /home/pi/MagicMirror/serveronly/index.js
    at Function.Module._resolveFilename (internal/modules/cjs/loader.js:889:15)
    at Function.Module._load (internal/modules/cjs/loader.js:745:27)
    at Module.require (internal/modules/cjs/loader.js:961:19)
    at require (internal/modules/cjs/helpers.js:92:18)
    at Object.<anonymous> (/home/pi/MagicMirror/js/app.js:9:1)
    at Module._compile (internal/modules/cjs/loader.js:1072:14)
    at Object.Module._extensions..js (internal/modules/cjs/loader.js:1101:10)
    at Module.load (internal/modules/cjs/loader.js:937:32)
    at Function.Module._load (internal/modules/cjs/loader.js:778:12)
    at Module.require (internal/modules/cjs/loader.js:961:19) {
  code: 'MODULE_NOT_FOUND',
  requireStack: [
    '/home/pi/MagicMirror/js/app.js',
    '/home/pi/MagicMirror/serveronly/index.js'
  ]
}
Starting chromium browser now, have patience, it takes a minute

> magicmirror@2.16.0 start /home/pi/MagicMirror
> ./run-start.sh $1

internal/modules/cjs/loader.js:892
  throw err;
  ^

Error: Cannot find module 'module-alias/register'
Require stack:
- /home/pi/MagicMirror/js/app.js
- /home/pi/MagicMirror/serveronly/index.js
    at Function.Module._resolveFilename (internal/modules/cjs/loader.js:889:15)
    at Function.Module._load (internal/modules/cjs/loader.js:745:27)
    at Module.require (internal/modules/cjs/loader.js:961:19)
    at require (internal/modules/cjs/helpers.js:92:18)
    at Object.<anonymous> (/home/pi/MagicMirror/js/app.js:9:1)
    at Module._compile (internal/modules/cjs/loader.js:1072:14)
    at Object.Module._extensions..js (internal/modules/cjs/loader.js:1101:10)
    at Module.load (internal/modules/cjs/loader.js:937:32)
    at Function.Module._load (internal/modules/cjs/loader.js:778:12)
    at Module.require (internal/modules/cjs/loader.js:961:19) {
  code: 'MODULE_NOT_FOUND',
  requireStack: [
    '/home/pi/MagicMirror/js/app.js',
    '/home/pi/MagicMirror/serveronly/index.js'
  ]
}
Starting chromium browser now, have patience, it takes a minute
Opening in existing browser session.
